Arguments: 
  /Users/felipelucena/.nvm/versions/node/v14.15.4/bin/node /Users/felipelucena/.nvm/versions/node/v14.15.4/bin/yarn install

PATH: 
  /Users/felipelucena/pyenv/shims:/Users/felipelucena/pyenv/bin:/Users/felipelucena/.bin:/Users/felipelucena/pyenv/shims:/Users/felipelucena/pyenv/bin:/Users/felipelucena/.nvm/versions/node/v14.15.4/bin:/usr/local/bin:/usr/bin:/bin:/usr/sbin:/sbin:/usr/local/go/bin:/Library/Apple/usr/bin:/Users/felipelucena/pyenv/shims:/Users/felipelucena/pyenv/bin:/Users/felipelucena/.sdkman/candidates/maven/current/bin:/Users/felipelucena/.sdkman/candidates/java/current/bin:/Users/felipelucena/.sdkman/candidates/gradle/current/bin:/Users/felipelucena/.bin:/Users/felipelucena/.nvm/versions/node/v14.15.4/bin

Yarn version: 
  1.22.17

Node version: 
  14.15.4

Platform: 
  darwin x64

Trace: 
  Error: read ECONNRESET
      at TLSWrap.onStreamRead (internal/stream_base_commons.js:209:20)

npm manifest: 
  {
    "name": "dogs",
    "version": "0.1.0",
    "private": true,
    "dependencies": {
      "@reduxjs/toolkit": "^1.4.0",
      "@testing-library/jest-dom": "^4.2.4",
      "@testing-library/react": "^9.5.0",
      "@testing-library/user-event": "^7.2.1",
      "history": "^5.0.0",
      "react": "^16.13.1",
      "react-dom": "^16.13.1",
      "react-redux": "^7.2.1",
      "react-router-dom": "^6.0.0-beta.0",
      "react-scripts": "^3.4.3",
      "redux": "^4.0.5",
      "victory": "^35.0.3"
    },
    "scripts": {
      "start": "react-scripts start",
      "build": "react-scripts build",
      "test": "react-scripts test",
      "eject": "react-scripts eject"
    },
    "eslintConfig": {
      "extends": "react-app"
    },
    "browserslist": {
      "production": [
        ">0.2%",
        "not dead",
        "not op_mini all"
      ],
      "development": [
        "last 1 chrome version",
        "last 1 firefox version",
        "last 1 safari version"
      ]
    }
  }

yarn manifest: 
  No manifest

Lockfile: 
  No lockfile
